g:\winter2023\engines4\componentframework23.0.4\componentframework\debug\vc143.pdb
g:\winter2023\engines4\componentframework23.0.4\componentframework\debug\vc143.idb
g:\winter2023\engines4\componentframework23.0.4\componentframework\debug\window.obj
g:\winter2023\engines4\componentframework23.0.4\componentframework\debug\timer.obj
g:\winter2023\engines4\componentframework23.0.4\componentframework\debug\shadercomponent.obj
g:\winter2023\engines4\componentframework23.0.4\componentframework\debug\main.obj
g:\winter2023\engines4\componentframework23.0.4\componentframework\debug\materialcomponent.obj
g:\winter2023\engines4\componentframework23.0.4\componentframework\debug\debug.obj
g:\winter2023\engines4\componentframework23.0.4\componentframework\debug\actor.obj
g:\winter2023\engines4\componentframework23.0.4\componentframework\debug\scene0.obj
g:\winter2023\engines4\componentframework23.0.4\componentframework\debug\scenemanager.obj
g:\winter2023\engines4\componentframework23.0.4\componentframework\debug\meshcomponent.obj
g:\winter2023\engines4\componentframework23.0.4\componentframework\debug\lightactor.obj
g:\winter2023\engines4\componentframework23.0.4\componentframework\debug\cameraactor.obj
g:\winter2023\engines4\componentframework23.0.4\componentframework\debug\transformcomponent.obj
g:\winter2023\engines4\componentframework23.0.4\debug\componentframework.exe
g:\winter2023\engines4\componentframework23.0.4\componentframework\debug\componentframework.ilk
g:\winter2023\engines4\componentframework23.0.4\debug\componentframework.pdb
g:\winter2023\engines4\componentframework23.0.4\componentframework\debug\emath.obj
g:\winter2023\engines4\componentframework23.0.4\componentframework\debug\mmath.obj
g:\winter2023\engines4\componentframework23.0.4\componentframework\debug\qmath.obj
g:\winter2023\engines4\componentframework23.0.4\componentframework\debug\vmath.obj
g:\winter2023\engines4\componentframework23.0.4\componentframework\debug\cameraactor.obj.enc
g:\winter2023\engines4\componentframework23.0.4\componentframework\debug\scene0.obj.enc
g:\winter2023\engines4\componentframework23.0.4\componentframework\debug\componen.614c2865.tlog\cl.command.1.tlog
g:\winter2023\engines4\componentframework23.0.4\componentframework\debug\componen.614c2865.tlog\cl.read.1.tlog
g:\winter2023\engines4\componentframework23.0.4\componentframework\debug\componen.614c2865.tlog\cl.write.1.tlog
g:\winter2023\engines4\componentframework23.0.4\componentframework\debug\componen.614c2865.tlog\link.command.1.tlog
g:\winter2023\engines4\componentframework23.0.4\componentframework\debug\componen.614c2865.tlog\link.read.1.tlog
g:\winter2023\engines4\componentframework23.0.4\componentframework\debug\componen.614c2865.tlog\link.write.1.tlog
